<?xml version="1.0" encoding="UTF-8"?>
<testsuite name="it.unibo.bls.appl.TestBlsGuiBase" tests="2" skipped="0" failures="0" errors="0" timestamp="2018-06-25T14:21:17" hostname="anataliTHINK" time="3.79">
  <properties/>
  <testcase name="testWrongCmd" classname="it.unibo.bls.appl.TestBlsGuiBase" time="1.737"/>
  <testcase name="testSystemLogic" classname="it.unibo.bls.appl.TestBlsGuiBase" time="2.053"/>
  <system-out><![CDATA[ButtonListenerNaive actionPerformed 25/06/2018 16:21:17
ButtonListenerNaive actionPerformed 25/06/2018 16:21:18
ButtonListenerNaive actionPerformed 25/06/2018 16:21:19
BlsApplicationLogic ledstate=true count=1
ButtonListenerNaive actionPerformed 25/06/2018 16:21:20
BlsApplicationLogic ledstate=false count=2
ButtonListenerNaive actionPerformed 25/06/2018 16:21:20
BlsApplicationLogic ledstate=true count=3
]]></system-out>
  <system-err><![CDATA[]]></system-err>
</testsuite>
