<?xml version="1.0" encoding="UTF-8"?>
<testsuite name="it.unibo.bls.components.TestLed" tests="2" skipped="0" failures="0" errors="0" timestamp="2018-06-25T14:21:22" hostname="anataliTHINK" time="0.001">
  <properties/>
  <testcase name="testTheLedOff" classname="it.unibo.bls.components.TestLed" time="0.0"/>
  <testcase name="testTheLedOn" classname="it.unibo.bls.components.TestLed" time="0.0"/>
  <system-out><![CDATA[]]></system-out>
  <system-err><![CDATA[]]></system-err>
</testsuite>
