<?xml version="1.0" encoding="UTF-8"?>
<testsuite name="it.unibo.bls.components.TestButton" tests="2" skipped="0" failures="0" errors="0" timestamp="2018-06-25T14:21:21" hostname="anataliTHINK" time="1.015">
  <properties/>
  <testcase name="testTheButtonMock" classname="it.unibo.bls.components.TestButton" time="0.003"/>
  <testcase name="testTheButtonGui" classname="it.unibo.bls.components.TestButton" time="1.012"/>
  <system-out><![CDATA[ButtonMock press
BlsApplicationLogic update:pressed
ButtonListenerNaive actionPerformed 25/06/2018 16:21:21
ButtonListenerNaive actionPerformed 25/06/2018 16:21:22
]]></system-out>
  <system-err><![CDATA[]]></system-err>
</testsuite>
