<?xml version="1.0" encoding="UTF-8"?>
<testsuite name="it.unibo.bls.akka.TestBlsAkka" tests="1" skipped="0" failures="0" errors="0" timestamp="2018-06-25T14:21:13" hostname="anataliTHINK" time="3.803">
  <properties/>
  <testcase name="testSystemLogic" classname="it.unibo.bls.akka.TestBlsAkka" time="3.803"/>
  <system-out><![CDATA[LedAkka onReceive=turnOff Actor[akka://blsAkka/deadLetters]
LedAkka onReceive=turnOff Actor[akka://blsAkka/deadLetters]
LedAkka onReceive=getState Actor[akka://blsAkka/temp/$a]
testSystemLogic false
ButtonAkka onReceive=PRESS Actor[akka://blsAkka/deadLetters]
LedAkka onReceive=switch Actor[akka://blsAkka/deadLetters]
LedAkka onReceive=getState Actor[akka://blsAkka/temp/$b]
testSystemLogic true
ButtonAkka onReceive=cmd Actor[akka://blsAkka/deadLetters]
LedAkka onReceive=switch Actor[akka://blsAkka/deadLetters]
LedAkka onReceive=getState Actor[akka://blsAkka/temp/$c]
testSystemLogic false
]]></system-out>
  <system-err><![CDATA[]]></system-err>
</testsuite>
